<?xml version="1.0" encoding="UTF-8"?>
<!-- Generated by org.testng.reporters.JUnitReportReporter -->
<testsuite hostname="DESKTOP-2TR3QCD" name="Temp.MathB" tests="2" failures="0" timestamp="4 Mar 2019 06:58:46 GMT" time="0.056" errors="0">
  <testcase name="subtract" time="0.004" classname="Temp.MathB"/>
  <testcase name="addition" time="0.052" classname="Temp.MathB"/>
</testsuite> <!-- Temp.MathB -->
