<?xml version="1.0" encoding="UTF-8"?>
<!-- Generated by org.testng.reporters.JUnitReportReporter -->
<testsuite hostname="DESKTOP-2TR3QCD" name="Temp.MathA" tests="2" failures="0" timestamp="4 Mar 2019 06:58:46 GMT" time="0.004" errors="0">
  <testcase name="Multiplication" time="0.000" classname="Temp.MathA"/>
  <testcase name="Division" time="0.004" classname="Temp.MathA"/>
</testsuite> <!-- Temp.MathA -->
