<?xml version="1.0" encoding="UTF-8"?>
<!-- Generated by org.testng.reporters.JUnitReportReporter -->
<testsuite hostname="DESKTOP-2TR3QCD" name="Temp.SampleTestngUsage" tests="1" failures="0" timestamp="5 Mar 2019 05:21:45 GMT" time="0.000" errors="0">
  <testcase name="sample" time="0.000" classname="Temp.SampleTestngUsage"/>
</testsuite> <!-- Temp.SampleTestngUsage -->
