<?xml version="1.0" encoding="UTF-8"?>
<!-- Generated by org.testng.reporters.JUnitReportReporter -->
<testsuite hostname="DESKTOP-2TR3QCD" name="Temp.AnnotationsTest" tests="3" failures="0" timestamp="5 Mar 2019 05:16:55 GMT" time="0.031" errors="0">
  <testcase name="Second" time="0.016" classname="Temp.AnnotationsTest"/>
  <testcase name="Third" time="0.015" classname="Temp.AnnotationsTest"/>
  <testcase name="first" time="0.000" classname="Temp.AnnotationsTest"/>
</testsuite> <!-- Temp.AnnotationsTest -->
